Log file open, 09/04/16 21:24:58
LogInit:Display: Running engine for game: RpgRole_w
LogPlatformFile: Not using cached read wrapper
LogInit:Display: RandInit(-1387688983) SRandInit(-1387688982).
LogTaskGraph: Started task graph with 4 named threads and 7 total threads with 1 sets of task threads.
LogStats: Stats thread started at 0.061798
LogInit: Version: 4.12.3-3013449+++UE4+Release-4.12
LogInit: API Version: 2992821
LogInit: Net Version: 3013449
LogDevObjectVersion: Number of dev versions registered: 13
LogDevObjectVersion:   Dev-Blueprints (B0D832E4-1F89-4F0D-ACCF-7EB736FD4AA2): 3
LogDevObjectVersion:   Dev-Build (E1C64328-A22C-4D53-A36C-8E866417BD8C): 0
LogDevObjectVersion:   Dev-Core (375EC13C-06E4-48FB-B500-84F0262A717E): 1
LogDevObjectVersion:   Dev-Editor (E4B068ED-F494-42E9-A231-DA0B2E46BB41): 2
LogDevObjectVersion:   Dev-Framework (CFFC743F-43B0-4480-9391-14DF171D2073): 6
LogDevObjectVersion:   Dev-Mobile (B02B49B5-BB20-44E9-A304-32B752E40360): 0
LogDevObjectVersion:   Dev-Networking (A4E4105C-59A1-49B5-A7C5-40C4547EDFEE): 0
LogDevObjectVersion:   Dev-Online (39C831C9-5AE6-47DC-9A44-9C173E1C8E7C): 0
LogDevObjectVersion:   Dev-Physics (78F01B33-EBEA-4F98-B9B4-84EACCB95AA2): 0
LogDevObjectVersion:   Dev-Platform (6631380F-2D4D-43E0-8009-CF276956A95A): 0
LogDevObjectVersion:   Dev-Rendering (12F88B9F-8875-4AFC-A67C-D90C383ABD29): 2
LogDevObjectVersion:   Dev-Sequencer (7B5AE74C-D270-4C10-A958-57980B212A5A): 0
LogDevObjectVersion:   Dev-VR (D7296918-1DD6-4BDD-9DE2-64A83CC13884): 0
LogInit: Compiled (64-bit): Jun 14 2016 17:53:16
LogInit: Compiled with Visual C++: 19.00.23026.00
LogInit: Build Configuration: Development
LogInit: Branch Name: ++UE4+Release-4.12
LogInit: Command line:  
LogInit: Base directory: D:/Epic Games/4.12/Engine/Binaries/Win64/
LogInit: Installed Engine Build: 1
LogInit: Using libcurl 7.41.0
LogInit:  - built for x86_64-pc-win32
LogInit:  - supports SSL with WinSSL
LogInit:  - other features:
LogInit:      CURL_VERSION_SSL
LogInit:      CURL_VERSION_IPV6
LogInit:      CURL_VERSION_ASYNCHDNS
LogInit:      CURL_VERSION_LARGEFILE
LogInit:      CURL_VERSION_IDN
LogInit:  CurlRequestOptions (configurable via config and command line):
LogInit:  - bVerifyPeer = true  - Libcurl will verify peer certificate
LogInit:  - bUseHttpProxy = false  - Libcurl will NOT use HTTP proxy
LogInit:  - bDontReuseConnections = false  - Libcurl will reuse connections
LogInit:  - CertBundlePath = nullptr  - Libcurl will use whatever was configured at build time.
LogInit: Presizing for max 8388607 objects, including 0 objects not considered by GC, pre-allocating 0 bytes for permanent pool.
LogInit: Object subsystem initialized
[2016.09.05-02.24.58:570][  0]LogInit: Selected Device Profile: [Windows]
[2016.09.05-02.24.58:570][  0]LogInit: Applying CVar settings loaded from the selected device profile: [Windows]
[2016.09.05-02.24.58:575][  0]LogInit: Computer: MASTERCAB
[2016.09.05-02.24.58:575][  0]LogInit: User: espan000
[2016.09.05-02.24.58:575][  0]LogInit: CPU Page size=65536, Cores=4
[2016.09.05-02.24.58:575][  0]LogInit: High frequency timer resolution =3.485719 MHz
[2016.09.05-02.24.58:575][  0]LogMemory: Memory total: Physical=15.9GB (16GB approx)
[2016.09.05-02.24.58:575][  0]LogMemory: Platform Memory Stats for Windows
[2016.09.05-02.24.58:575][  0]LogMemory: Process Physical Memory: 188.26 MB used, 188.26 MB peak
[2016.09.05-02.24.58:575][  0]LogMemory: Process Virtual Memory: 194.84 MB used, 194.84 MB peak
[2016.09.05-02.24.58:575][  0]LogMemory: Physical Memory: 2883.78 MB used, 16326.20 MB total
[2016.09.05-02.24.58:575][  0]LogMemory: Virtual Memory: 535.07 MB used, 134217728.00 MB total
[2016.09.05-02.24.58:600][  0]LogTextLocalizationManager: No specific translations for ('es-CO') exist, so ('es') translations will be used.
[2016.09.05-02.24.58:745][  0]LogD3D11RHI: D3D11 adapters:
[2016.09.05-02.24.58:763][  0]LogD3D11RHI:    0. 'NVIDIA GeForce GTX 760' (Feature Level 11_0)
[2016.09.05-02.24.58:763][  0]LogD3D11RHI:       1985/0/2048 MB DedicatedVideo/DedicatedSystem/SharedSystem, Outputs:2, VendorId:0x10de
[2016.09.05-02.24.58:764][  0]LogD3D11RHI:    1. 'Microsoft Basic Render Driver' (Feature Level 11_0)
[2016.09.05-02.24.58:764][  0]LogD3D11RHI:       0/0/256 MB DedicatedVideo/DedicatedSystem/SharedSystem, Outputs:0, VendorId:0x1414
[2016.09.05-02.24.58:764][  0]LogD3D11RHI: Chosen D3D11 Adapter: 0
[2016.09.05-02.24.58:767][  0]LogD3D11RHI: Creating new Direct3DDevice
[2016.09.05-02.24.58:767][  0]LogD3D11RHI:     GPU DeviceId: 0x1187 (for the marketing name, search the web for "GPU Device Id")
[2016.09.05-02.24.58:767][  0]LogWindows: EnumDisplayDevices:
[2016.09.05-02.24.58:767][  0]LogWindows:    0. 'NVIDIA GeForce GTX 760' (P:0 D:1)
[2016.09.05-02.24.58:767][  0]LogWindows:    1. 'NVIDIA GeForce GTX 760' (P:1 D:1)
[2016.09.05-02.24.58:767][  0]LogWindows:    2. 'NVIDIA GeForce GTX 760' (P:0 D:0)
[2016.09.05-02.24.58:767][  0]LogWindows:    3. 'NVIDIA GeForce GTX 760' (P:0 D:0)
[2016.09.05-02.24.58:767][  0]LogWindows: DebugString: FoundDriverCount:4 
[2016.09.05-02.24.58:767][  0]LogD3D11RHI:     Adapter Name: NVIDIA GeForce GTX 760
[2016.09.05-02.24.58:767][  0]LogD3D11RHI:   Driver Version: 359.00 (internal:10.18.13.5900, unified:359.00)
[2016.09.05-02.24.58:767][  0]LogD3D11RHI:      Driver Date: 11-13-2015
[2016.09.05-02.24.58:767][  0]LogRHI: Texture pool is 1361 MB (70% of 1945 MB)
[2016.09.05-02.24.58:774][  0]LogD3D11RHI: Async texture creation enabled
[2016.09.05-02.24.59:168][  0]LogD3D11RHI: GPU Timing Frequency: 1000.000000 (Debug: 2 2)
[2016.09.05-02.24.59:168][  0]LogShaderCompilers: Guid format shader working directory is 29 characters bigger than the processId version (J:/Praticas/RpgRole_w/Intermediate/Shaders/WorkingDirectory/1636/).
[2016.09.05-02.24.59:168][  0]LogShaderCompilers: Cleaned the shader compiler working directory 'C:/Users/espan_000/AppData/Local/Temp/UnrealShaderWorkingDir/97C7DE9648F67AF62D862990E5609294/'.
[2016.09.05-02.24.59:168][  0]LogShaderCompilers:Display: Using Local Shader Compiler.
[2016.09.05-02.24.59:863][  0]LogTemp:Display: Loaded TP AllDesktopTargetPlatform
[2016.09.05-02.24.59:869][  0]LogTemp:Display: Loaded TP WindowsClientTargetPlatform
[2016.09.05-02.24.59:875][  0]LogTemp:Display: Loaded TP WindowsNoEditorTargetPlatform
[2016.09.05-02.24.59:880][  0]LogTemp:Display: Loaded TP WindowsServerTargetPlatform
[2016.09.05-02.24.59:886][  0]LogTemp:Display: Loaded TP WindowsTargetPlatform
[2016.09.05-02.24.59:892][  0]LogTemp:Display: Loaded TP AndroidTargetPlatform
[2016.09.05-02.24.59:897][  0]LogTemp:Display: Loaded TP Android_ASTCTargetPlatform
[2016.09.05-02.24.59:903][  0]LogTemp:Display: Loaded TP Android_ATCTargetPlatform
[2016.09.05-02.24.59:908][  0]LogTemp:Display: Loaded TP Android_DXTTargetPlatform
[2016.09.05-02.24.59:913][  0]LogTemp:Display: Loaded TP Android_ETC1TargetPlatform
[2016.09.05-02.24.59:919][  0]LogTemp:Display: Loaded TP Android_ETC2TargetPlatform
[2016.09.05-02.24.59:930][  0]LogTemp:Display: Loaded TP Android_MultiTargetPlatform
[2016.09.05-02.24.59:930][  0]LogTemp:Display: Loaded TP Android_PVRTCTargetPlatform
[2016.09.05-02.24.59:930][  0]LogTemp:Display: Loaded TP HTML5TargetPlatform
[2016.09.05-02.24.59:948][  0]LogTemp:Display: Loaded TP IOSTargetPlatform
[2016.09.05-02.24.59:953][  0]LogTemp:Display: Loaded TP TVOSTargetPlatform
[2016.09.05-02.24.59:958][  0]LogTemp:Display: Loaded TP LinuxNoEditorTargetPlatform
[2016.09.05-02.24.59:964][  0]LogTemp:Display: Loaded TP LinuxServerTargetPlatform
[2016.09.05-02.24.59:969][  0]LogTemp:Display: Loaded TP LinuxTargetPlatform
[2016.09.05-02.24.59:969][  0]LogTargetPlatformManager:Display: Building Assets For Windows
[2016.09.05-02.25.00:009][  0]LogDerivedDataCache:Display: Max Cache Size: 512 MB
[2016.09.05-02.25.00:045][  0]LogDerivedDataCache: Loaded boot cache 0.04s 48MB C:/Users/espan_000/AppData/Local/UnrealEngine/4.12/DerivedDataCache/Boot.ddc.
[2016.09.05-02.25.00:045][  0]LogDerivedDataCache:Display: Loaded Boot cache: C:/Users/espan_000/AppData/Local/UnrealEngine/4.12/DerivedDataCache/Boot.ddc
[2016.09.05-02.25.00:045][  0]LogDerivedDataCache: FDerivedDataBackendGraph:  Pak pak cache file J:/Praticas/RpgRole_w/DerivedDataCache/DDC.ddp not found, will not use a pak cache.
[2016.09.05-02.25.00:045][  0]LogDerivedDataCache: Unable to find inner node Pak for hierarchical cache Hierarchy.
[2016.09.05-02.25.00:045][  0]LogDerivedDataCache: FDerivedDataBackendGraph:  CompressedPak pak cache file J:/Praticas/RpgRole_w/DerivedDataCache/Compressed.ddp not found, will not use a pak cache.
[2016.09.05-02.25.00:045][  0]LogDerivedDataCache: Unable to find inner node CompressedPak for hierarchical cache Hierarchy.
[2016.09.05-02.25.00:058][  0]LogDerivedDataCache:Display: Pak cache opened for reading ../../../Engine/DerivedDataCache/Compressed.ddp.
[2016.09.05-02.25.00:070][  0]LogDerivedDataCache: Using Local data cache path C:/Users/espan_000/AppData/Local/UnrealEngine/Common/DerivedDataCache: Writable
[2016.09.05-02.25.00:191][  0]LogInit: Selected Device Profile: [Windows]
[2016.09.05-02.25.00:192][  0]LogContentStreaming: Texture pool size is 0.00 MB
[2016.09.05-02.25.00:296][  0]LogMeshUtilities: No automatic mesh reduction module available
[2016.09.05-02.25.00:296][  0]LogMeshUtilities: No automatic mesh merging module available
[2016.09.05-02.25.00:296][  0]LogMeshUtilities: No distributed automatic mesh merging module available
[2016.09.05-02.25.00:468][  0]LogAssetRegistry: FAssetRegistry took 0.0219 seconds to start up
[2016.09.05-02.25.00:479][  0]LogPackageLocalizationCache: Processed 3 localized package path(s) for 2 prioritized culture(s) in 0.010168 seconds
[2016.09.05-02.25.00:483][  0]LogUObjectArray: 28739 objects as part of root set at end of initial load.
[2016.09.05-02.25.00:483][  0]LogUObjectAllocator: 5855632 out of 0 bytes used by permanent object pool.
[2016.09.05-02.25.00:483][  0]LogUObjectArray: CloseDisregardForGC: 0/0 objects in disregard for GC pool
[2016.09.05-02.25.00:486][  0]LogInit: WinSock: version 1.1 (2.2), MaxSocks=32767, MaxUdp=65467
[2016.09.05-02.25.00:587][  0]LogSlate: SlateFontCache - WITH_FREETYPE: 1, WITH_HARFBUZZ: 1
[2016.09.05-02.25.00:587][  0]LogSlate: SlateFontCache - WITH_FREETYPE: 1, WITH_HARFBUZZ: 1
[2016.09.05-02.25.01:025][  0]LogUdpMessaging: Initializing bridge on interface 0.0.0.0:0 to multicast group 230.0.0.1:6666.
[2016.09.05-02.25.01:169][  0]SourceControl: Información El control de código fuente está desactivado
[2016.09.05-02.25.01:174][  0]SourceControl: Información El control de código fuente está desactivado
[2016.09.05-02.25.01:178][  0]SourceControl: Información El control de código fuente está desactivado
[2016.09.05-02.25.01:182][  0]SourceControl: Información El control de código fuente está desactivado
[2016.09.05-02.25.01:287][  0]LogEngine: Initializing Engine...
[2016.09.05-02.25.01:287][  0]LogHMD: SteamVR failed to initialize.  Err: 110
[2016.09.05-02.25.01:288][  0]LogHMD: SteamVR failed to initialize.  Err: 110
[2016.09.05-02.25.01:381][  0]LogAIModule: Creating AISystem for world NewWorld
[2016.09.05-02.25.01:386][  0]LogInit: XAudio2 using 'Altavoces (Realtek High Definition Audio)' : 2 channels at 48 kHz using 32 bits per sample (channel mask 0x3)
[2016.09.05-02.25.01:400][  0]LogInit: FAudioDevice initialized.
[2016.09.05-02.25.01:421][  0]LogDerivedDataCache: Saved boot cache 0.02s 48MB C:/Users/espan_000/AppData/Local/UnrealEngine/4.12/DerivedDataCache/Boot.ddc.
[2016.09.05-02.25.01:424][  0]LogInit: Texture streaming: Enabled
[2016.09.05-02.25.01:434][  0]LogInit: Transaction tracking system initialized
[2016.09.05-02.25.01:444][  0]BlueprintLog: New page: Cargar el editor
[2016.09.05-02.25.01:474][  0]LocalizationService: Información Localization service is disabled
[2016.09.05-02.25.01:805][  0]LogConsoleResponse:Display: 
[2016.09.05-02.25.01:871][  0]LogCook:Display: Max memory allowance for cook 8192mb
[2016.09.05-02.25.01:871][  0]LogCook:Display: Mobile HDR setting 1
[2016.09.05-02.25.01:919][  0]LogFileCache: Scanning file cache for directory 'J:/Pr